  VulkanAPIHandler.cpp
  Source.cpp
  ShaderHandler.cpp
  Generating Code...
Source.obj : error LNK2019: unresolved external symbol _glfwInit referenced in function "struct GLFWwindow * __cdecl initWindow(int,int)" (?initWindow@@YAPAUGLFWwindow@@HH@Z)
Source.obj : error LNK2019: unresolved external symbol _glfwWindowHint referenced in function "struct GLFWwindow * __cdecl initWindow(int,int)" (?initWindow@@YAPAUGLFWwindow@@HH@Z)
Source.obj : error LNK2019: unresolved external symbol _glfwCreateWindow referenced in function "struct GLFWwindow * __cdecl initWindow(int,int)" (?initWindow@@YAPAUGLFWwindow@@HH@Z)
Source.obj : error LNK2019: unresolved external symbol _glfwDestroyWindow referenced in function _main
Source.obj : error LNK2019: unresolved external symbol _glfwWindowShouldClose referenced in function _main
Source.obj : error LNK2019: unresolved external symbol _glfwSetWindowUserPointer referenced in function "void __cdecl setupResizeCallback(struct GLFWwindow *,class VulkanAPIHandler &)" (?setupResizeCallback@@YAXPAUGLFWwindow@@AAVVulkanAPIHandler@@@Z)
Source.obj : error LNK2019: unresolved external symbol _glfwSetWindowSizeCallback referenced in function "void __cdecl setupResizeCallback(struct GLFWwindow *,class VulkanAPIHandler &)" (?setupResizeCallback@@YAXPAUGLFWwindow@@AAVVulkanAPIHandler@@@Z)
Source.obj : error LNK2019: unresolved external symbol _glfwPollEvents referenced in function _main
VulkanAPIHandler.obj : error LNK2019: unresolved external symbol _vkCreateInstance@12 referenced in function "private: void __thiscall VulkanAPIHandler::createInstance(void)" (?createInstance@VulkanAPIHandler@@AAEXXZ)
VulkanAPIHandler.obj : error LNK2019: unresolved external symbol _vkDestroyInstance@8 referenced in function "public: __thiscall VulkanAPIHandler::VulkanAPIHandler(struct GLFWwindow *)" (??0VulkanAPIHandler@@QAE@PAUGLFWwindow@@@Z)
VulkanAPIHandler.obj : error LNK2019: unresolved external symbol _vkEnumeratePhysicalDevices@12 referenced in function "private: void __thiscall VulkanAPIHandler::pickPhysicalDevice(void)" (?pickPhysicalDevice@VulkanAPIHandler@@AAEXXZ)
VulkanAPIHandler.obj : error LNK2019: unresolved external symbol _vkGetPhysicalDeviceQueueFamilyProperties@12 referenced in function "private: struct VulkanAPIHandler::QueueFamilyIndices __thiscall VulkanAPIHandler::findQueueFamilies(struct VkPhysicalDevice_T *)" (?findQueueFamilies@VulkanAPIHandler@@AAE?AUQueueFamilyIndices@1@PAUVkPhysicalDevice_T@@@Z)
VulkanAPIHandler.obj : error LNK2019: unresolved external symbol _vkGetInstanceProcAddr@8 referenced in function "private: enum VkResult __thiscall VulkanAPIHandler::CreateDebugReportCallbackEXT(struct VkInstance_T *,struct VkDebugReportCallbackCreateInfoEXT const *,struct VkAllocationCallbacks const *,unsigned __int64 *)" (?CreateDebugReportCallbackEXT@VulkanAPIHandler@@AAE?AW4VkResult@@PAUVkInstance_T@@PBUVkDebugReportCallbackCreateInfoEXT@@PBUVkAllocationCallbacks@@PA_K@Z)
VulkanAPIHandler.obj : error LNK2019: unresolved external symbol _vkCreateDevice@16 referenced in function "private: void __thiscall VulkanAPIHandler::createLogicalDevice(void)" (?createLogicalDevice@VulkanAPIHandler@@AAEXXZ)
VulkanAPIHandler.obj : error LNK2019: unresolved external symbol _vkDestroyDevice@8 referenced in function "public: __thiscall VulkanAPIHandler::VulkanAPIHandler(struct GLFWwindow *)" (??0VulkanAPIHandler@@QAE@PAUGLFWwindow@@@Z)
VulkanAPIHandler.obj : error LNK2019: unresolved external symbol _vkEnumerateDeviceExtensionProperties@16 referenced in function "private: bool __thiscall VulkanAPIHandler::checkDeviceExtensionSupport(struct VkPhysicalDevice_T *)" (?checkDeviceExtensionSupport@VulkanAPIHandler@@AAE_NPAUVkPhysicalDevice_T@@@Z)
VulkanAPIHandler.obj : error LNK2019: unresolved external symbol _vkEnumerateInstanceLayerProperties@8 referenced in function "private: bool __thiscall VulkanAPIHandler::checkValidationLayerSupport(void)" (?checkValidationLayerSupport@VulkanAPIHandler@@AAE_NXZ)
VulkanAPIHandler.obj : error LNK2019: unresolved external symbol _vkGetDeviceQueue@16 referenced in function "private: void __thiscall VulkanAPIHandler::createLogicalDevice(void)" (?createLogicalDevice@VulkanAPIHandler@@AAEXXZ)
VulkanAPIHandler.obj : error LNK2019: unresolved external symbol _vkQueueSubmit@20 referenced in function "public: void __thiscall VulkanAPIHandler::drawFrame(void)" (?drawFrame@VulkanAPIHandler@@QAEXXZ)
VulkanAPIHandler.obj : error LNK2019: unresolved external symbol _vkDeviceWaitIdle@4 referenced in function "public: __thiscall VulkanAPIHandler::~VulkanAPIHandler(void)" (??1VulkanAPIHandler@@QAE@XZ)
VulkanAPIHandler.obj : error LNK2019: unresolved external symbol _vkCreateSemaphore@16 referenced in function "private: void __thiscall VulkanAPIHandler::createSemaphores(void)" (?createSemaphores@VulkanAPIHandler@@AAEXXZ)
VulkanAPIHandler.obj : error LNK2019: unresolved external symbol _vkDestroySemaphore@16 referenced in function "public: __thiscall VulkanAPIHandler::VulkanAPIHandler(struct GLFWwindow *)" (??0VulkanAPIHandler@@QAE@PAUGLFWwindow@@@Z)
VulkanAPIHandler.obj : error LNK2019: unresolved external symbol _vkCreateImageView@16 referenced in function "private: void __thiscall VulkanAPIHandler::createImageViews(void)" (?createImageViews@VulkanAPIHandler@@AAEXXZ)
VulkanAPIHandler.obj : error LNK2019: unresolved external symbol _vkDestroyImageView@16 referenced in function "private: void __thiscall VulkanAPIHandler::createImageViews(void)" (?createImageViews@VulkanAPIHandler@@AAEXXZ)
VulkanAPIHandler.obj : error LNK2019: unresolved external symbol _vkCreateShaderModule@16 referenced in function "private: void __thiscall VulkanAPIHandler::createShaderModule(class std::vector<char,class std::allocator<char> > const &,class VDeleter<unsigned __int64> &)" (?createShaderModule@VulkanAPIHandler@@AAEXABV?$vector@DV?$allocator@D@std@@@std@@AAV?$VDeleter@_K@@@Z)
VulkanAPIHandler.obj : error LNK2019: unresolved external symbol _vkDestroyShaderModule@16 referenced in function "private: void __thiscall VulkanAPIHandler::createGraphicsPipeline(void)" (?createGraphicsPipeline@VulkanAPIHandler@@AAEXXZ)
VulkanAPIHandler.obj : error LNK2019: unresolved external symbol _vkCreateGraphicsPipelines@28 referenced in function "private: void __thiscall VulkanAPIHandler::createGraphicsPipeline(void)" (?createGraphicsPipeline@VulkanAPIHandler@@AAEXXZ)
VulkanAPIHandler.obj : error LNK2019: unresolved external symbol _vkDestroyPipeline@16 referenced in function "public: __thiscall VulkanAPIHandler::VulkanAPIHandler(struct GLFWwindow *)" (??0VulkanAPIHandler@@QAE@PAUGLFWwindow@@@Z)
VulkanAPIHandler.obj : error LNK2019: unresolved external symbol _vkCreatePipelineLayout@16 referenced in function "private: void __thiscall VulkanAPIHandler::createGraphicsPipeline(void)" (?createGraphicsPipeline@VulkanAPIHandler@@AAEXXZ)
VulkanAPIHandler.obj : error LNK2019: unresolved external symbol _vkDestroyPipelineLayout@16 referenced in function "public: __thiscall VulkanAPIHandler::VulkanAPIHandler(struct GLFWwindow *)" (??0VulkanAPIHandler@@QAE@PAUGLFWwindow@@@Z)
VulkanAPIHandler.obj : error LNK2019: unresolved external symbol _vkCreateFramebuffer@16 referenced in function "private: void __thiscall VulkanAPIHandler::createFramebuffers(void)" (?createFramebuffers@VulkanAPIHandler@@AAEXXZ)
VulkanAPIHandler.obj : error LNK2019: unresolved external symbol _vkDestroyFramebuffer@16 referenced in function "private: void __thiscall VulkanAPIHandler::createFramebuffers(void)" (?createFramebuffers@VulkanAPIHandler@@AAEXXZ)
VulkanAPIHandler.obj : error LNK2019: unresolved external symbol _vkCreateRenderPass@16 referenced in function "private: void __thiscall VulkanAPIHandler::createRenderPass(void)" (?createRenderPass@VulkanAPIHandler@@AAEXXZ)
VulkanAPIHandler.obj : error LNK2019: unresolved external symbol _vkDestroyRenderPass@16 referenced in function "public: __thiscall VulkanAPIHandler::VulkanAPIHandler(struct GLFWwindow *)" (??0VulkanAPIHandler@@QAE@PAUGLFWwindow@@@Z)
VulkanAPIHandler.obj : error LNK2019: unresolved external symbol _vkCreateCommandPool@16 referenced in function "private: void __thiscall VulkanAPIHandler::createCommandPool(void)" (?createCommandPool@VulkanAPIHandler@@AAEXXZ)
VulkanAPIHandler.obj : error LNK2019: unresolved external symbol _vkDestroyCommandPool@16 referenced in function "public: __thiscall VulkanAPIHandler::VulkanAPIHandler(struct GLFWwindow *)" (??0VulkanAPIHandler@@QAE@PAUGLFWwindow@@@Z)
VulkanAPIHandler.obj : error LNK2019: unresolved external symbol _vkAllocateCommandBuffers@12 referenced in function "private: void __thiscall VulkanAPIHandler::createCommandBuffers(void)" (?createCommandBuffers@VulkanAPIHandler@@AAEXXZ)
VulkanAPIHandler.obj : error LNK2019: unresolved external symbol _vkFreeCommandBuffers@20 referenced in function "private: void __thiscall VulkanAPIHandler::createCommandBuffers(void)" (?createCommandBuffers@VulkanAPIHandler@@AAEXXZ)
VulkanAPIHandler.obj : error LNK2019: unresolved external symbol _vkBeginCommandBuffer@8 referenced in function "private: void __thiscall VulkanAPIHandler::createCommandBuffers(void)" (?createCommandBuffers@VulkanAPIHandler@@AAEXXZ)
VulkanAPIHandler.obj : error LNK2019: unresolved external symbol _vkEndCommandBuffer@4 referenced in function "private: void __thiscall VulkanAPIHandler::createCommandBuffers(void)" (?createCommandBuffers@VulkanAPIHandler@@AAEXXZ)
VulkanAPIHandler.obj : error LNK2019: unresolved external symbol _vkCmdBindPipeline@16 referenced in function "private: void __thiscall VulkanAPIHandler::createCommandBuffers(void)" (?createCommandBuffers@VulkanAPIHandler@@AAEXXZ)
VulkanAPIHandler.obj : error LNK2019: unresolved external symbol _vkCmdDraw@20 referenced in function "private: void __thiscall VulkanAPIHandler::createCommandBuffers(void)" (?createCommandBuffers@VulkanAPIHandler@@AAEXXZ)
VulkanAPIHandler.obj : error LNK2019: unresolved external symbol _vkCmdBeginRenderPass@12 referenced in function "private: void __thiscall VulkanAPIHandler::createCommandBuffers(void)" (?createCommandBuffers@VulkanAPIHandler@@AAEXXZ)
VulkanAPIHandler.obj : error LNK2019: unresolved external symbol _vkCmdEndRenderPass@4 referenced in function "private: void __thiscall VulkanAPIHandler::createCommandBuffers(void)" (?createCommandBuffers@VulkanAPIHandler@@AAEXXZ)
VulkanAPIHandler.obj : error LNK2019: unresolved external symbol _vkDestroySurfaceKHR@16 referenced in function "public: __thiscall VulkanAPIHandler::VulkanAPIHandler(struct GLFWwindow *)" (??0VulkanAPIHandler@@QAE@PAUGLFWwindow@@@Z)
VulkanAPIHandler.obj : error LNK2019: unresolved external symbol _vkGetPhysicalDeviceSurfaceSupportKHR@20 referenced in function "private: struct VulkanAPIHandler::QueueFamilyIndices __thiscall VulkanAPIHandler::findQueueFamilies(struct VkPhysicalDevice_T *)" (?findQueueFamilies@VulkanAPIHandler@@AAE?AUQueueFamilyIndices@1@PAUVkPhysicalDevice_T@@@Z)
VulkanAPIHandler.obj : error LNK2019: unresolved external symbol _vkGetPhysicalDeviceSurfaceCapabilitiesKHR@16 referenced in function "private: struct VulkanAPIHandler::SwapChainSupportDetails __thiscall VulkanAPIHandler::querySwapChainSupport(struct VkPhysicalDevice_T *)" (?querySwapChainSupport@VulkanAPIHandler@@AAE?AUSwapChainSupportDetails@1@PAUVkPhysicalDevice_T@@@Z)
VulkanAPIHandler.obj : error LNK2019: unresolved external symbol _vkGetPhysicalDeviceSurfaceFormatsKHR@20 referenced in function "private: struct VulkanAPIHandler::SwapChainSupportDetails __thiscall VulkanAPIHandler::querySwapChainSupport(struct VkPhysicalDevice_T *)" (?querySwapChainSupport@VulkanAPIHandler@@AAE?AUSwapChainSupportDetails@1@PAUVkPhysicalDevice_T@@@Z)
VulkanAPIHandler.obj : error LNK2019: unresolved external symbol _vkGetPhysicalDeviceSurfacePresentModesKHR@20 referenced in function "private: struct VulkanAPIHandler::SwapChainSupportDetails __thiscall VulkanAPIHandler::querySwapChainSupport(struct VkPhysicalDevice_T *)" (?querySwapChainSupport@VulkanAPIHandler@@AAE?AUSwapChainSupportDetails@1@PAUVkPhysicalDevice_T@@@Z)
VulkanAPIHandler.obj : error LNK2019: unresolved external symbol _vkCreateSwapchainKHR@16 referenced in function "private: void __thiscall VulkanAPIHandler::createSwapChain(void)" (?createSwapChain@VulkanAPIHandler@@AAEXXZ)
VulkanAPIHandler.obj : error LNK2019: unresolved external symbol _vkDestroySwapchainKHR@16 referenced in function "public: __thiscall VulkanAPIHandler::VulkanAPIHandler(struct GLFWwindow *)" (??0VulkanAPIHandler@@QAE@PAUGLFWwindow@@@Z)
VulkanAPIHandler.obj : error LNK2019: unresolved external symbol _vkGetSwapchainImagesKHR@20 referenced in function "private: void __thiscall VulkanAPIHandler::createSwapChain(void)" (?createSwapChain@VulkanAPIHandler@@AAEXXZ)
VulkanAPIHandler.obj : error LNK2019: unresolved external symbol _vkAcquireNextImageKHR@40 referenced in function "public: void __thiscall VulkanAPIHandler::drawFrame(void)" (?drawFrame@VulkanAPIHandler@@QAEXXZ)
VulkanAPIHandler.obj : error LNK2019: unresolved external symbol _vkQueuePresentKHR@8 referenced in function "public: void __thiscall VulkanAPIHandler::drawFrame(void)" (?drawFrame@VulkanAPIHandler@@QAEXXZ)
VulkanAPIHandler.obj : error LNK2019: unresolved external symbol _glfwGetWindowUserPointer referenced in function "public: static void __cdecl VulkanAPIHandler::onWindowResized(struct GLFWwindow *,int,int)" (?onWindowResized@VulkanAPIHandler@@SAXPAUGLFWwindow@@HH@Z)
VulkanAPIHandler.obj : error LNK2019: unresolved external symbol _glfwGetRequiredInstanceExtensions referenced in function "private: class std::vector<char const *,class std::allocator<char const *> > __thiscall VulkanAPIHandler::getRequiredExtensions(void)" (?getRequiredExtensions@VulkanAPIHandler@@AAE?AV?$vector@PBDV?$allocator@PBD@std@@@std@@XZ)
VulkanAPIHandler.obj : error LNK2019: unresolved external symbol _glfwCreateWindowSurface referenced in function "private: void __thiscall VulkanAPIHandler::createSurface(void)" (?createSurface@VulkanAPIHandler@@AAEXXZ)
C:\VulkanSDK\1.0.39.1\Bin\vulkan-1.lib : warning LNK4272: library machine type 'x64' conflicts with target machine type 'X86'
C:\glfw-3.2.1.bin.WIN64\glfw-3.2.1.bin.WIN64\lib-vc2015\glfw3.lib : warning LNK4272: library machine type 'x64' conflicts with target machine type 'X86'
C:\Users\Andreas\Git Repos\Vulkan projects\IMT3612-GPU-master\shader\Vertex Input\Debug\Vertex Input.exe : fatal error LNK1120: 57 unresolved externals
